This is pdfTeX, Version 3.14159265-2.6-1.40.15 (TeX Live 2014) (preloaded format=pdflatex 2014.5.25)  23 MAY 2017 18:22
entering extended mode
 restricted \write18 enabled.
 %&-line parsing enabled.
**doc.tex
(./doc.tex
LaTeX2e <2014/05/01>
Babel <3.9k> and hyphenation patterns for 78 languages loaded.
(./tufte-book.cls
Document Class: tufte-book 2010/03/28 v3.5.1 Tufte-book class
(./tufte-common.def
File: tufte-common.def 2011/06/18 v3.5.2 Common code for the Tufte-LaTeX styles


(/usr/local/texlive/2014/texmf-dist/tex/latex/xkeyval/xkeyval.sty
Package: xkeyval 2014/05/09 v2.6d package option processing (HA)

(/usr/local/texlive/2014/texmf-dist/tex/generic/xkeyval/xkeyval.tex
\XKV@toks=\toks14
\XKV@tempa@toks=\toks15
\XKV@depth=\count79
File: xkeyval.tex 2014/05/09 v2.6d key=value parser (HA)

(/usr/local/texlive/2014/texmf-dist/tex/generic/xkeyval/keyval.tex)))
(/usr/local/texlive/2014/texmf-dist/tex/latex/xifthen/xifthen.sty
Package: xifthen 2009/04/17 v1.3 Extended ifthen features
 (./etex.sty
Package: etex 2016/08/01 v2.7 eTeX basic definition package (PEB,DPC)
\et@xins=\count80
)
(/usr/local/texlive/2014/texmf-dist/tex/latex/tools/calc.sty
Package: calc 2007/08/22 v4.3 Infix arithmetic (KKT,FJ)
\calc@Acount=\count81
\calc@Bcount=\count82
\calc@Adimen=\dimen102
\calc@Bdimen=\dimen103
\calc@Askip=\skip41
\calc@Bskip=\skip42
LaTeX Info: Redefining \setlength on input line 75.
LaTeX Info: Redefining \addtolength on input line 76.
\calc@Ccount=\count83
\calc@Cskip=\skip43
)
(/usr/local/texlive/2014/texmf-dist/tex/latex/base/ifthen.sty
Package: ifthen 2001/05/26 v1.1c Standard LaTeX ifthen package (DPC)
)
(/usr/local/texlive/2014/texmf-dist/tex/latex/ifmtarg/ifmtarg.sty
Package: ifmtarg 2009/09/02 v1.2a check for an empty argument
))
(./hardwrap.sty
Package: hardwrap 2011/02/12 v0.2 Hard wrap messages

(/usr/local/texlive/2014/texmf-dist/tex/latex/ifplatform/ifplatform.sty
Package: ifplatform 2010/10/22 v0.4 Testing for the operating system

(/usr/local/texlive/2014/texmf-dist/tex/generic/oberdiek/pdftexcmds.sty
Package: pdftexcmds 2011/11/29 v0.20 Utility functions of pdfTeX for LuaTeX (HO
)

(/usr/local/texlive/2014/texmf-dist/tex/generic/oberdiek/infwarerr.sty
Package: infwarerr 2010/04/08 v1.3 Providing info/warning/error messages (HO)
)
(/usr/local/texlive/2014/texmf-dist/tex/generic/oberdiek/ifluatex.sty
Package: ifluatex 2010/03/01 v1.3 Provides the ifluatex switch (HO)
Package ifluatex Info: LuaTeX not detected.
)
(/usr/local/texlive/2014/texmf-dist/tex/generic/oberdiek/ltxcmds.sty
Package: ltxcmds 2011/11/09 v1.22 LaTeX kernel commands for general use (HO)
)
(/usr/local/texlive/2014/texmf-dist/tex/generic/oberdiek/ifpdf.sty
Package: ifpdf 2011/01/30 v2.3 Provides the ifpdf switch (HO)
Package ifpdf Info: pdfTeX in PDF mode is detected.
)
Package pdftexcmds Info: LuaTeX not detected.
Package pdftexcmds Info: \pdf@primitive is available.
Package pdftexcmds Info: \pdf@ifprimitive is available.
Package pdftexcmds Info: \pdfdraftmode found.
)
(/usr/local/texlive/2014/texmf-dist/tex/generic/oberdiek/catchfile.sty
Package: catchfile 2011/03/01 v1.6 Catch the contents of a file (HO)

(/usr/local/texlive/2014/texmf-dist/tex/generic/oberdiek/etexcmds.sty
Package: etexcmds 2011/02/16 v1.5 Avoid name clashes with e-TeX commands (HO)
Package etexcmds Info: Could not find \expanded.
(etexcmds)             That can mean that you are not using pdfTeX 1.50 or
(etexcmds)             that some package has redefined \expanded.
(etexcmds)             In the latter case, load this package earlier.
))

Package ifplatform Warning: 
    shell escape is disabled, so I can only detect \ifwindows.

)
\hw@charcount=\count84
\hw@wordcount=\count85
\hw@maxprintline=\count86
)
Class tufte-book Info: Loading the base class `book'
 (/usr/local/texlive/2014/texmf-dist/tex/latex/base/book.cls
Document Class: book 2007/10/19 v1.4h Standard LaTeX document class
(/usr/local/texlive/2014/texmf-dist/tex/latex/base/bk10.clo
File: bk10.clo 2007/10/19 v1.4h Standard LaTeX file (size option)
)
\c@part=\count87
\c@chapter=\count88
\c@section=\count89
\c@subsection=\count90
\c@subsubsection=\count91
\c@paragraph=\count92
\c@subparagraph=\count93
\c@figure=\count94
\c@table=\count95
\abovecaptionskip=\skip44
\belowcaptionskip=\skip45
\bibindent=\dimen104
)
(/usr/local/texlive/2014/texmf-dist/tex/generic/ifxetex/ifxetex.sty
Package: ifxetex 2010/09/12 v0.6 Provides ifxetex conditional
)
(/usr/local/texlive/2014/texmf-dist/tex/latex/titlesec/titlesec.sty
Package: titlesec 2011/12/15 v2.10.0 Sectioning titles
\ttl@box=\box26
\beforetitleunit=\skip46
\aftertitleunit=\skip47
\ttl@plus=\dimen105
\ttl@minus=\dimen106
\ttl@toksa=\toks16
\titlewidth=\dimen107
\titlewidthlast=\dimen108
\titlewidthfirst=\dimen109
)
(/usr/local/texlive/2014/texmf-dist/tex/latex/titlesec/titletoc.sty
Package: titletoc 2011/12/15 v1.6 TOC entries
\ttl@leftsep=\dimen110
)
(/usr/local/texlive/2014/texmf-dist/tex/latex/hyperref/hyperref.sty
Package: hyperref 2012/11/06 v6.83m Hypertext links for LaTeX

(/usr/local/texlive/2014/texmf-dist/tex/generic/oberdiek/hobsub-hyperref.sty
Package: hobsub-hyperref 2012/05/28 v1.13 Bundle oberdiek, subset hyperref (HO)


(/usr/local/texlive/2014/texmf-dist/tex/generic/oberdiek/hobsub-generic.sty
Package: hobsub-generic 2012/05/28 v1.13 Bundle oberdiek, subset generic (HO)
Package: hobsub 2012/05/28 v1.13 Construct package bundles (HO)
Package hobsub Info: Skipping package `infwarerr' (already loaded).
Package hobsub Info: Skipping package `ltxcmds' (already loaded).
Package hobsub Info: Skipping package `ifluatex' (already loaded).
Package: ifvtex 2010/03/01 v1.5 Detect VTeX and its facilities (HO)
Package ifvtex Info: VTeX not detected.
Package: intcalc 2007/09/27 v1.1 Expandable calculations with integers (HO)
Package hobsub Info: Skipping package `ifpdf' (already loaded).
Package hobsub Info: Skipping package `etexcmds' (already loaded).
Package: kvsetkeys 2012/04/25 v1.16 Key value parser (HO)
Package: kvdefinekeys 2011/04/07 v1.3 Define keys (HO)
Package hobsub Info: Skipping package `pdftexcmds' (already loaded).
Package: pdfescape 2011/11/25 v1.13 Implements pdfTeX's escape features (HO)
Package: bigintcalc 2012/04/08 v1.3 Expandable calculations on big integers (HO
)
Package: bitset 2011/01/30 v1.1 Handle bit-vector datatype (HO)
Package: uniquecounter 2011/01/30 v1.2 Provide unlimited unique counter (HO)
)
Package hobsub Info: Skipping package `hobsub' (already loaded).
Package: letltxmacro 2010/09/02 v1.4 Let assignment for LaTeX macros (HO)
Package: hopatch 2012/05/28 v1.2 Wrapper for package hooks (HO)
Package: xcolor-patch 2011/01/30 xcolor patch
Package: atveryend 2011/06/30 v1.8 Hooks at the very end of document (HO)
Package atveryend Info: \enddocument detected (standard20110627).
Package: atbegshi 2011/10/05 v1.16 At begin shipout hook (HO)
Package: refcount 2011/10/16 v3.4 Data extraction from label references (HO)
Package: hycolor 2011/01/30 v1.7 Color options for hyperref/bookmark (HO)
)
(/usr/local/texlive/2014/texmf-dist/tex/latex/oberdiek/auxhook.sty
Package: auxhook 2011/03/04 v1.3 Hooks for auxiliary files (HO)
)
(/usr/local/texlive/2014/texmf-dist/tex/latex/oberdiek/kvoptions.sty
Package: kvoptions 2011/06/30 v3.11 Key value format for package options (HO)
)
\@linkdim=\dimen111
\Hy@linkcounter=\count96
\Hy@pagecounter=\count97

(/usr/local/texlive/2014/texmf-dist/tex/latex/hyperref/pd1enc.def
File: pd1enc.def 2012/11/06 v6.83m Hyperref: PDFDocEncoding definition (HO)
)
\Hy@SavedSpaceFactor=\count98

(/usr/local/texlive/2014/texmf-dist/tex/latex/latexconfig/hyperref.cfg
File: hyperref.cfg 2002/06/06 v1.2 hyperref configuration of TeXLive
)
Package hyperref Info: Option `debug' set `true' on input line 4319.
Package hyperref Info: Option `unicode' set `true' on input line 4319.

(/usr/local/texlive/2014/texmf-dist/tex/latex/hyperref/puenc.def
File: puenc.def 2012/11/06 v6.83m Hyperref: PDF Unicode definition (HO)
)
Package hyperref Info: Option `hyperfootnotes' set `false' on input line 4319.
Package hyperref Info: Hyper figures OFF on input line 4443.
Package hyperref Info: Link nesting OFF on input line 4448.
Package hyperref Info: Hyper index ON on input line 4451.
Package hyperref Info: Plain pages OFF on input line 4458.
Package hyperref Info: Backreferencing OFF on input line 4463.
Package hyperref Info: Implicit mode ON; LaTeX internals redefined.
Package hyperref Info: Bookmarks ON on input line 4688.
\c@Hy@tempcnt=\count99

(/usr/local/texlive/2014/texmf-dist/tex/latex/url/url.sty
\Urlmuskip=\muskip10
Package: url 2013/09/16  ver 3.4  Verb mode for urls, etc.
)
LaTeX Info: Redefining \url on input line 5041.
\XeTeXLinkMargin=\dimen112
\Fld@menulength=\count100
\Field@Width=\dimen113
\Fld@charsize=\dimen114
Package hyperref Info: Hyper figures OFF on input line 6295.
Package hyperref Info: Link nesting OFF on input line 6300.
Package hyperref Info: Hyper index ON on input line 6303.
Package hyperref Info: backreferencing OFF on input line 6310.
Package hyperref Info: Link coloring OFF on input line 6315.
Package hyperref Info: Link coloring with OCG OFF on input line 6320.
Package hyperref Info: PDF/A mode OFF on input line 6325.
LaTeX Info: Redefining \ref on input line 6365.
LaTeX Info: Redefining \pageref on input line 6369.
\Hy@abspage=\count101
\c@Item=\count102
)

Package hyperref Message: Driver (autodetected): hpdftex.

(/usr/local/texlive/2014/texmf-dist/tex/latex/hyperref/hpdftex.def
File: hpdftex.def 2012/11/06 v6.83m Hyperref driver for pdfTeX
\Fld@listcount=\count103
\c@bookmark@seq@number=\count104

(/usr/local/texlive/2014/texmf-dist/tex/latex/oberdiek/rerunfilecheck.sty
Package: rerunfilecheck 2011/04/15 v1.7 Rerun checks for auxiliary files (HO)
Package uniquecounter Info: New unique counter `rerunfilecheck' on input line 2
82.
)
\Hy@SectionHShift=\skip48
)
Package hyperref Info: Option `colorlinks' set `true' on input line 365.

(/usr/local/texlive/2014/texmf-dist/tex/latex/ms/ragged2e.sty
Package: ragged2e 2009/05/21 v2.1 ragged2e Package (MS)

(/usr/local/texlive/2014/texmf-dist/tex/latex/ms/everysel.sty
Package: everysel 2011/10/28 v1.2 EverySelectfont Package (MS)
)
\CenteringLeftskip=\skip49
\RaggedLeftLeftskip=\skip50
\RaggedRightLeftskip=\skip51
\CenteringRightskip=\skip52
\RaggedLeftRightskip=\skip53
\RaggedRightRightskip=\skip54
\CenteringParfillskip=\skip55
\RaggedLeftParfillskip=\skip56
\RaggedRightParfillskip=\skip57
\JustifyingParfillskip=\skip58
\CenteringParindent=\skip59
\RaggedLeftParindent=\skip60
\RaggedRightParindent=\skip61
\JustifyingParindent=\skip62
)
(/usr/local/texlive/2014/texmf-dist/tex/latex/geometry/geometry.sty
Package: geometry 2010/09/12 v5.6 Page Geometry
\Gm@cnth=\count105
\Gm@cntv=\count106
\c@Gm@tempcnt=\count107
\Gm@bindingoffset=\dimen115
\Gm@wd@mp=\dimen116
\Gm@odd@mp=\dimen117
\Gm@even@mp=\dimen118
\Gm@layoutwidth=\dimen119
\Gm@layoutheight=\dimen120
\Gm@layouthoffset=\dimen121
\Gm@layoutvoffset=\dimen122
\Gm@dimlist=\toks17
)
Class tufte-book Info: Found changepage.sty

(/usr/local/texlive/2014/texmf-dist/tex/latex/changepage/changepage.sty
Package: changepage 2009/10/20 v1.0c check page and change page layout
\c@cp@cntr=\count108
\cp@tempcnt=\count109
)
\@tufte@overhang=\skip63
\@tufte@fullwidth=\skip64
\@tufte@caption@fill=\skip65

(/usr/local/texlive/2014/texmf-dist/tex/latex/paralist/paralist.sty
Package: paralist 2013/06/09 v2.4 Extended list environments
\pltopsep=\skip66
\plpartopsep=\skip67
\plitemsep=\skip68
\plparsep=\skip69
\pl@lab=\toks18
)
(/usr/local/texlive/2014/texmf-dist/tex/latex/textcase/textcase.sty
Package: textcase 2004/10/07 v0.07 Text only upper/lower case changing (DPC)
)
Class tufte-book Info: ifpdf = true
Class tufte-book Info: ifxetex = false
Class tufte-book Info: Modern version of pdfTeX detected. Using `letterspace' p
ackage

(/usr/local/texlive/2014/texmf-dist/tex/latex/microtype/letterspace.sty
Package: letterspace 2013/05/23 v2.5a Robust letterspacing (RS)
LaTeX Info: Redefining \lsstyle on input line 307.
LaTeX Info: Redefining \lslig on input line 308.
LaTeX Info: Redefining \textls on input line 333.
\MT@outer@kern=\dimen123
)
(/usr/local/texlive/2014/texmf-dist/tex/latex/setspace/setspace.sty
Package: setspace 2011/12/19 v6.7a set line spacing
)
(/usr/local/texlive/2014/texmf-dist/tex/latex/xcolor/xcolor.sty
Package: xcolor 2007/01/21 v2.11 LaTeX color extensions (UK)

(/usr/local/texlive/2014/texmf-dist/tex/latex/latexconfig/color.cfg
File: color.cfg 2007/01/18 v1.5 color configuration of teTeX/TeXLive
)
Package xcolor Info: Package option `usenames' ignored on input line 216.
Package xcolor Info: Driver file: pdftex.def on input line 225.

(/usr/local/texlive/2014/texmf-dist/tex/latex/pdftex-def/pdftex.def
File: pdftex.def 2011/05/27 v0.06d Graphics/color for pdfTeX
\Gread@gobject=\count110
)
Package xcolor Info: Model `cmy' substituted by `cmy0' on input line 1337.
Package xcolor Info: Model `hsb' substituted by `rgb' on input line 1341.
Package xcolor Info: Model `RGB' extended on input line 1353.
Package xcolor Info: Model `HTML' substituted by `rgb' on input line 1355.
Package xcolor Info: Model `Hsb' substituted by `hsb' on input line 1356.
Package xcolor Info: Model `tHsb' substituted by `hsb' on input line 1357.
Package xcolor Info: Model `HSB' substituted by `hsb' on input line 1358.
Package xcolor Info: Model `Gray' substituted by `gray' on input line 1359.
Package xcolor Info: Model `wave' substituted by `hsb' on input line 1360.

(/usr/local/texlive/2014/texmf-dist/tex/latex/graphics/dvipsnam.def
File: dvipsnam.def 2014/04/23 v3.0j Driver-dependant file (DPC,SPQR)
)
(/usr/local/texlive/2014/texmf-dist/tex/latex/xcolor/svgnam.def
File: svgnam.def 2007/01/21 v2.11 Predefined colors according to SVG 1.1 (UK)
))
\c@@tufte@num@bibkeys=\count111

(/usr/local/texlive/2014/texmf-dist/tex/latex/sauerj/optparams.sty
Package: optparams 2004/08/14 v0.9 multiple optional parameters in macros
)
\@tufte@sidenote@vertical@offset=\skip70

(/usr/local/texlive/2014/texmf-dist/tex/latex/placeins/placeins.sty
Package: placeins 2005/04/18  v 2.2
)
\@tufte@margin@floatbox=\box27
\@tufte@figure@box=\box28
\@tufte@caption@box=\box29
\@tufte@caption@vertical@offset=\skip71
\@tufte@float@contents@width=\skip72

(/usr/local/texlive/2014/texmf-dist/tex/latex/psnfss/mathpazo.sty
Package: mathpazo 2005/04/12 PSNFSS-v9.2a Palatino w/ Pazo Math (D.Puga, WaS) 
\symupright=\mathgroup4
)
(/usr/local/texlive/2014/texmf-dist/tex/latex/psnfss/helvet.sty
Package: helvet 2005/04/12 PSNFSS-v9.2a (WaS) 
)
(/usr/local/texlive/2014/texmf-dist/tex/latex/bera/beramono.sty
Package: beramono 2004/01/31 (WaS)
)
(/usr/local/texlive/2014/texmf-dist/tex/latex/base/fontenc.sty
Package: fontenc 2005/09/27 v1.99g Standard LaTeX package

(/usr/local/texlive/2014/texmf-dist/tex/latex/base/t1enc.def
File: t1enc.def 2005/09/27 v1.99g Standard LaTeX file
LaTeX Font Info:    Redeclaring font encoding T1 on input line 43.
))
(/usr/local/texlive/2014/texmf-dist/tex/latex/base/textcomp.sty
Package: textcomp 2005/09/27 v1.99g Standard LaTeX package
Package textcomp Info: Sub-encoding information:
(textcomp)               5 = only ISO-Adobe without \textcurrency
(textcomp)               4 = 5 + \texteuro
(textcomp)               3 = 4 + \textohm
(textcomp)               2 = 3 + \textestimated + \textcurrency
(textcomp)               1 = TS1 - \textcircled - \t
(textcomp)               0 = TS1 (full)
(textcomp)             Font families with sub-encoding setting implement
(textcomp)             only a restricted character set as indicated.
(textcomp)             Family '?' is the default used for unknown fonts.
(textcomp)             See the documentation for details.
Package textcomp Info: Setting ? sub-encoding to TS1/1 on input line 71.

(/usr/local/texlive/2014/texmf-dist/tex/latex/base/ts1enc.def
File: ts1enc.def 2001/06/05 v3.0e (jk/car/fm) Standard LaTeX file
)
LaTeX Info: Redefining \oldstylenums on input line 266.
Package textcomp Info: Setting cmr sub-encoding to TS1/0 on input line 281.
Package textcomp Info: Setting cmss sub-encoding to TS1/0 on input line 282.
Package textcomp Info: Setting cmtt sub-encoding to TS1/0 on input line 283.
Package textcomp Info: Setting cmvtt sub-encoding to TS1/0 on input line 284.
Package textcomp Info: Setting cmbr sub-encoding to TS1/0 on input line 285.
Package textcomp Info: Setting cmtl sub-encoding to TS1/0 on input line 286.
Package textcomp Info: Setting ccr sub-encoding to TS1/0 on input line 287.
Package textcomp Info: Setting ptm sub-encoding to TS1/4 on input line 288.
Package textcomp Info: Setting pcr sub-encoding to TS1/4 on input line 289.
Package textcomp Info: Setting phv sub-encoding to TS1/4 on input line 290.
Package textcomp Info: Setting ppl sub-encoding to TS1/3 on input line 291.
Package textcomp Info: Setting pag sub-encoding to TS1/4 on input line 292.
Package textcomp Info: Setting pbk sub-encoding to TS1/4 on input line 293.
Package textcomp Info: Setting pnc sub-encoding to TS1/4 on input line 294.
Package textcomp Info: Setting pzc sub-encoding to TS1/4 on input line 295.
Package textcomp Info: Setting bch sub-encoding to TS1/4 on input line 296.
Package textcomp Info: Setting put sub-encoding to TS1/5 on input line 297.
Package textcomp Info: Setting uag sub-encoding to TS1/5 on input line 298.
Package textcomp Info: Setting ugq sub-encoding to TS1/5 on input line 299.
Package textcomp Info: Setting ul8 sub-encoding to TS1/4 on input line 300.
Package textcomp Info: Setting ul9 sub-encoding to TS1/4 on input line 301.
Package textcomp Info: Setting augie sub-encoding to TS1/5 on input line 302.
Package textcomp Info: Setting dayrom sub-encoding to TS1/3 on input line 303.
Package textcomp Info: Setting dayroms sub-encoding to TS1/3 on input line 304.

Package textcomp Info: Setting pxr sub-encoding to TS1/0 on input line 305.
Package textcomp Info: Setting pxss sub-encoding to TS1/0 on input line 306.
Package textcomp Info: Setting pxtt sub-encoding to TS1/0 on input line 307.
Package textcomp Info: Setting txr sub-encoding to TS1/0 on input line 308.
Package textcomp Info: Setting txss sub-encoding to TS1/0 on input line 309.
Package textcomp Info: Setting txtt sub-encoding to TS1/0 on input line 310.
Package textcomp Info: Setting lmr sub-encoding to TS1/0 on input line 311.
Package textcomp Info: Setting lmdh sub-encoding to TS1/0 on input line 312.
Package textcomp Info: Setting lmss sub-encoding to TS1/0 on input line 313.
Package textcomp Info: Setting lmssq sub-encoding to TS1/0 on input line 314.
Package textcomp Info: Setting lmvtt sub-encoding to TS1/0 on input line 315.
Package textcomp Info: Setting qhv sub-encoding to TS1/0 on input line 316.
Package textcomp Info: Setting qag sub-encoding to TS1/0 on input line 317.
Package textcomp Info: Setting qbk sub-encoding to TS1/0 on input line 318.
Package textcomp Info: Setting qcr sub-encoding to TS1/0 on input line 319.
Package textcomp Info: Setting qcs sub-encoding to TS1/0 on input line 320.
Package textcomp Info: Setting qpl sub-encoding to TS1/0 on input line 321.
Package textcomp Info: Setting qtm sub-encoding to TS1/0 on input line 322.
Package textcomp Info: Setting qzc sub-encoding to TS1/0 on input line 323.
Package textcomp Info: Setting qhvc sub-encoding to TS1/0 on input line 324.
Package textcomp Info: Setting futs sub-encoding to TS1/4 on input line 325.
Package textcomp Info: Setting futx sub-encoding to TS1/4 on input line 326.
Package textcomp Info: Setting futj sub-encoding to TS1/4 on input line 327.
Package textcomp Info: Setting hlh sub-encoding to TS1/3 on input line 328.
Package textcomp Info: Setting hls sub-encoding to TS1/3 on input line 329.
Package textcomp Info: Setting hlst sub-encoding to TS1/3 on input line 330.
Package textcomp Info: Setting hlct sub-encoding to TS1/5 on input line 331.
Package textcomp Info: Setting hlx sub-encoding to TS1/5 on input line 332.
Package textcomp Info: Setting hlce sub-encoding to TS1/5 on input line 333.
Package textcomp Info: Setting hlcn sub-encoding to TS1/5 on input line 334.
Package textcomp Info: Setting hlcw sub-encoding to TS1/5 on input line 335.
Package textcomp Info: Setting hlcf sub-encoding to TS1/5 on input line 336.
Package textcomp Info: Setting pplx sub-encoding to TS1/3 on input line 337.
Package textcomp Info: Setting pplj sub-encoding to TS1/3 on input line 338.
Package textcomp Info: Setting ptmx sub-encoding to TS1/4 on input line 339.
Package textcomp Info: Setting ptmj sub-encoding to TS1/4 on input line 340.
)
(/usr/local/texlive/2014/texmf-dist/tex/latex/fancyhdr/fancyhdr.sty
\fancy@headwidth=\skip73
\f@ncyO@elh=\skip74
\f@ncyO@erh=\skip75
\f@ncyO@olh=\skip76
\f@ncyO@orh=\skip77
\f@ncyO@elf=\skip78
\f@ncyO@erf=\skip79
\f@ncyO@olf=\skip80
\f@ncyO@orf=\skip81
)
\tufteskipamount=\skip82

(/usr/local/texlive/2014/texmf-dist/tex/latex/tools/multicol.sty
Package: multicol 2014/04/23 v1.8e multicolumn formatting (FMi)
\c@tracingmulticols=\count112
\mult@box=\box30
\multicol@leftmargin=\dimen124
\c@unbalance=\count113
\c@collectmore=\count114
\doublecol@number=\count115
\multicoltolerance=\count116
\multicolpretolerance=\count117
\full@width=\dimen125
\page@free=\dimen126
\premulticols=\dimen127
\postmulticols=\dimen128
\multicolsep=\skip83
\multicolbaselineskip=\skip84
\partial@page=\box31
\last@line=\box32
\maxbalancingoverflow=\dimen129
\mult@rightbox=\box33
\mult@grightbox=\box34
\mult@gfirstbox=\box35
\mult@firstbox=\box36
\@tempa=\box37
\@tempa=\box38
\@tempa=\box39
\@tempa=\box40
\@tempa=\box41
\@tempa=\box42
\@tempa=\box43
\@tempa=\box44
\@tempa=\box45
\@tempa=\box46
\@tempa=\box47
\@tempa=\box48
\@tempa=\box49
\@tempa=\box50
\@tempa=\box51
\@tempa=\box52
\@tempa=\box53
\c@columnbadness=\count118
\c@finalcolumnbadness=\count119
\last@try=\dimen130
\multicolovershoot=\dimen131
\multicolundershoot=\dimen132
\mult@nat@firstbox=\box54
\colbreak@box=\box55
\mc@col@check@num=\count120
)
-------------------- Tufte-LaTeX settings ----------
Class: tufte-book

Class options:
  a4paper: true
  b5paper: false
  load fonts: true
  fully-justified: false
  letterspacing: true
  sans-serif sidenotes: false
  symmetric margins: false
  titlepage: false
  twoside: true
  debug: true

Internal variables:
  [twoside]: true
  pdflatex: true
  xelatex: false
----------------------------------------------------
)) (./docheader.tex
(/usr/local/texlive/2014/texmf-dist/tex/latex/graphics/graphicx.sty
Package: graphicx 2014/04/25 v1.0g Enhanced LaTeX Graphics (DPC,SPQR)

(/usr/local/texlive/2014/texmf-dist/tex/latex/graphics/graphics.sty
Package: graphics 2009/02/05 v1.0o Standard LaTeX Graphics (DPC,SPQR)

(/usr/local/texlive/2014/texmf-dist/tex/latex/graphics/trig.sty
Package: trig 1999/03/16 v1.09 sin cos tan (DPC)
)
(/usr/local/texlive/2014/texmf-dist/tex/latex/latexconfig/graphics.cfg
File: graphics.cfg 2010/04/23 v1.9 graphics configuration of TeX Live
)
Package graphics Info: Driver file: pdftex.def on input line 91.
)
\Gin@req@height=\dimen133
\Gin@req@width=\dimen134
)
(/usr/local/texlive/2014/texmf-dist/tex/latex/oberdiek/epstopdf.sty
Package: epstopdf 2010/02/09 v2.5 Conversion with epstopdf on the fly (HO)

(/usr/local/texlive/2014/texmf-dist/tex/latex/oberdiek/epstopdf-base.sty
Package: epstopdf-base 2010/02/09 v2.5 Base part for package epstopdf

(/usr/local/texlive/2014/texmf-dist/tex/latex/oberdiek/grfext.sty
Package: grfext 2010/08/19 v1.1 Manage graphics extensions (HO)
)
Package grfext Info: Graphics extension search list:
(grfext)             [.png,.pdf,.jpg,.mps,.jpeg,.jbig2,.jb2,.PNG,.PDF,.JPG,.JPE
G,.JBIG2,.JB2,.eps]
(grfext)             \AppendGraphicsExtensions on input line 452.

(/usr/local/texlive/2014/texmf-dist/tex/latex/latexconfig/epstopdf-sys.cfg
File: epstopdf-sys.cfg 2010/07/13 v1.3 Configuration of (r)epstopdf for TeX Liv
e
)))
(/usr/local/texlive/2014/texmf-dist/tex/latex/tools/xspace.sty
Package: xspace 2009/10/20 v1.13 Space after command names (DPC,MH)
)
(/usr/local/texlive/2014/texmf-dist/tex/latex/tools/longtable.sty
Package: longtable 2004/02/01 v4.11 Multi-page Table package (DPC)
\LTleft=\skip85
\LTright=\skip86
\LTpre=\skip87
\LTpost=\skip88
\LTchunksize=\count121
\LTcapwidth=\dimen135
\LT@head=\box56
\LT@firsthead=\box57
\LT@foot=\box58
\LT@lastfoot=\box59
\LT@cols=\count122
\LT@rows=\count123
\c@LT@tables=\count124
\c@LT@chunks=\count125
\LT@p@ftn=\toks19
)
(/usr/local/texlive/2014/texmf-dist/tex/latex/carlisle/slashed.sty
Package: slashed 1997/01/16 v0.01 Feynman Slashed Character Notation (DPC)
)
(/usr/local/texlive/2014/texmf-dist/tex/latex/amsfonts/amsfonts.sty
Package: amsfonts 2013/01/14 v3.01 Basic AMSFonts support
\@emptytoks=\toks20
\symAMSa=\mathgroup5
\symAMSb=\mathgroup6
LaTeX Font Info:    Overwriting math alphabet `\mathfrak' in version `bold'
(Font)                  U/euf/m/n --> U/euf/b/n on input line 106.
)
(/usr/local/texlive/2014/texmf-dist/tex/latex/base/fontenc.sty
Package: fontenc 2005/09/27 v1.99g Standard LaTeX package

(/usr/local/texlive/2014/texmf-dist/tex/latex/base/t1enc.def
File: t1enc.def 2005/09/27 v1.99g Standard LaTeX file
LaTeX Font Info:    Redeclaring font encoding T1 on input line 43.
))
(/usr/local/texlive/2014/texmf-dist/tex/latex/amsmath/amsmath.sty
Package: amsmath 2013/01/14 v2.14 AMS math features
\@mathmargin=\skip89

For additional information on amsmath, use the `?' option.
(/usr/local/texlive/2014/texmf-dist/tex/latex/amsmath/amstext.sty
Package: amstext 2000/06/29 v2.01

(/usr/local/texlive/2014/texmf-dist/tex/latex/amsmath/amsgen.sty
File: amsgen.sty 1999/11/30 v2.0
\@emptytoks=\toks21
\ex@=\dimen136
))
(/usr/local/texlive/2014/texmf-dist/tex/latex/amsmath/amsbsy.sty
Package: amsbsy 1999/11/29 v1.2d
\pmbraise@=\dimen137
)
(/usr/local/texlive/2014/texmf-dist/tex/latex/amsmath/amsopn.sty
Package: amsopn 1999/12/14 v2.01 operator names
)
\inf@bad=\count126
LaTeX Info: Redefining \frac on input line 210.
\uproot@=\count127
\leftroot@=\count128
LaTeX Info: Redefining \overline on input line 306.
\classnum@=\count129
\DOTSCASE@=\count130
LaTeX Info: Redefining \ldots on input line 378.
LaTeX Info: Redefining \dots on input line 381.
LaTeX Info: Redefining \cdots on input line 466.
\Mathstrutbox@=\box60
\strutbox@=\box61
\big@size=\dimen138
LaTeX Font Info:    Redeclaring font encoding OML on input line 566.
LaTeX Font Info:    Redeclaring font encoding OMS on input line 567.
\macc@depth=\count131
\c@MaxMatrixCols=\count132
\dotsspace@=\muskip11
\c@parentequation=\count133
\dspbrk@lvl=\count134
\tag@help=\toks22
\row@=\count135
\column@=\count136
\maxfields@=\count137
\andhelp@=\toks23
\eqnshift@=\dimen139
\alignsep@=\dimen140
\tagshift@=\dimen141
\tagwidth@=\dimen142
\totwidth@=\dimen143
\lineht@=\dimen144
\@envbody=\toks24
\multlinegap=\skip90
\multlinetaggap=\skip91
\mathdisplay@stack=\toks25
LaTeX Info: Redefining \[ on input line 2665.
LaTeX Info: Redefining \] on input line 2666.
)
(/usr/local/texlive/2014/texmf-dist/tex/latex/amsfonts/amssymb.sty
Package: amssymb 2013/01/14 v3.01 AMS font symbols
)
(./feynmp-auto.sty
Package: feynmp-auto 2013/05/03 v1.1 Automatic processing of feynmp graphics

(/usr/local/texlive/2014/texmf-dist/tex/latex/feynmf/feynmp.sty
Package: feynmp 1996/12/02 v1.08 LaTeX/MetaPost Feynman Diagram Package (ohl)
\@outfmf=\write3
\fmfbuf@=\toks26
\c@fmfgraph=\count138
))
(/usr/local/texlive/2014/texmf-dist/tex/latex/subfig/subfig.sty
Package: subfig 2005/06/28 ver: 1.3 subfig package

(/usr/local/texlive/2014/texmf-dist/tex/latex/caption/caption3.sty
Package: caption3 2013/05/02 v1.6-88 caption3 kernel (AR)
Package caption3 Info: TeX engine: e-TeX on input line 57.
\captionmargin=\dimen145
\captionmargin@=\dimen146
\captionwidth=\dimen147
\caption@tempdima=\dimen148
\caption@indent=\dimen149
\caption@parindent=\dimen150
\caption@hangindent=\dimen151
)
\c@KVtest=\count139
\sf@farskip=\skip92
\sf@captopadj=\dimen152
\sf@capskip=\skip93
\sf@nearskip=\skip94
\c@subfigure=\count140
\c@subfigure@save=\count141
\c@lofdepth=\count142
\c@subtable=\count143
\c@subtable@save=\count144
\c@lotdepth=\count145
\sf@top=\skip95
\sf@bottom=\skip96
)
(/usr/local/texlive/2014/texmf-dist/tex/latex/xhfill/xhfill.sty
Package: xhfill 2011/05/14\ v 1.01\ modify width and color of hrulefill
)
(/usr/local/texlive/2014/texmf-dist/tex/latex/mh/mathtools.sty
Package: mathtools 2014/05/21 v1.14 mathematical typesetting tools

(/usr/local/texlive/2014/texmf-dist/tex/latex/mh/mhsetup.sty
Package: mhsetup 2010/01/21 v1.2a programming setup (MH)
)
LaTeX Info: Thecontrolsequence`\['isalreadyrobust on input line 129.
LaTeX Info: Thecontrolsequence`\]'isalreadyrobust on input line 129.
\g_MT_multlinerow_int=\count146
\l_MT_multwidth_dim=\dimen153
\origjot=\skip97
\l_MT_shortvdotswithinadjustabove_dim=\dimen154
\l_MT_shortvdotswithinadjustbelow_dim=\dimen155
\l_MT_above_intertext_sep=\dimen156
\l_MT_below_intertext_sep=\dimen157
\l_MT_above_shortintertext_sep=\dimen158
\l_MT_below_shortintertext_sep=\dimen159
)
(/usr/local/texlive/2014/texmf-dist/tex/latex/booktabs/booktabs.sty
Package: booktabs 2005/04/14 v1.61803 publication quality tables
\heavyrulewidth=\dimen160
\lightrulewidth=\dimen161
\cmidrulewidth=\dimen162
\belowrulesep=\dimen163
\belowbottomsep=\dimen164
\aboverulesep=\dimen165
\abovetopsep=\dimen166
\cmidrulesep=\dimen167
\cmidrulekern=\dimen168
\defaultaddspace=\dimen169
\@cmidla=\count147
\@cmidlb=\count148
\@aboverulesep=\dimen170
\@belowrulesep=\dimen171
\@thisruleclass=\count149
\@lastruleclass=\count150
\@thisrulewidth=\dimen172
)
(/usr/local/texlive/2014/texmf-dist/tex/latex/units/units.sty
Package: units 1998/08/04 v0.9b Typesetting units

(/usr/local/texlive/2014/texmf-dist/tex/latex/units/nicefrac.sty
Package: nicefrac 1998/08/04 v0.9b Nice fractions
\L@UnitsRaiseDisplaystyle=\skip98
\L@UnitsRaiseTextstyle=\skip99
\L@UnitsRaiseScriptstyle=\skip100
))
(/usr/local/texlive/2014/texmf-dist/tex/latex/fancyvrb/fancyvrb.sty
Package: fancyvrb 2008/02/07

Style option: `fancyvrb' v2.7a, with DG/SPQR fixes, and firstline=lastline fix 
<2008/02/07> (tvz)
\FV@CodeLineNo=\count151
\FV@InFile=\read1
\FV@TabBox=\box62
\c@FancyVerbLine=\count152
\FV@StepNumber=\count153
\FV@OutFile=\write4
)
(/usr/local/texlive/2014/texmf-dist/tex/latex/lastpage/lastpage.sty
Package: lastpage 2013/01/28 v1.2l Refers to last page's name (HMM; JPG)
)
(/usr/local/texlive/2014/texmf-dist/tex/latex/todo/todo.sty
Package: todo 2010/03/31 v2.4142 To-do list (Federico Garcia)
\@todotoks=\toks27
\c@todo=\count154
)
(/usr/local/texlive/2014/texmf-dist/tex/latex/colortbl/colortbl.sty
Package: colortbl 2012/02/13 v1.0a Color table columns (DPC)

(/usr/local/texlive/2014/texmf-dist/tex/latex/tools/array.sty
Package: array 2008/09/09 v2.4c Tabular extension package (FMi)
\col@sep=\dimen173
\extrarowheight=\dimen174
\NC@list=\toks28
\extratabsurround=\skip101
\backup@length=\skip102
)
\everycr=\toks29
\minrowclearance=\skip103
)
(/usr/local/texlive/2014/texmf-dist/tex/latex/rotating/rotating.sty
Package: rotating 2009/03/28 v2.16a rotated objects in LaTeX
\c@r@tfl@t=\count155
\rotFPtop=\skip104
\rotFPbot=\skip105
\rot@float@box=\box63
\rot@mess@toks=\toks30
))

Package hyperref Warning: Token not allowed in a PDF string (Unicode):
(hyperref)                removing `\\' on input line 6.


Package hyperref Warning: Token not allowed in a PDF string (Unicode):
(hyperref)                removing `\new@ifnextchar' on input line 6.


Package hyperref Warning: Token not allowed in a PDF string (Unicode):
(hyperref)                removing `\smallskipamount' on input line 6.


Package hyperref Warning: Token not allowed in a PDF string (Unicode):
(hyperref)                removing `\noindent' on input line 6.

(/usr/local/texlive/2014/texmf-dist/tex/latex/titling/titling.sty
Package: titling 2009/09/04 v2.1d maketitle typesetting
\thanksmarkwidth=\skip106
\thanksmargin=\skip107
\droptitle=\skip108
)
(/usr/local/texlive/2014/texmf-dist/tex/latex/notoccite/notoccite.sty
Package: notoccite 2000/07/20
)
(./symbols.tex) (./docheader2.tex
(/usr/local/texlive/2014/texmf-dist/tex/latex/biblatex/biblatex.sty
Package: biblatex 2013/11/25 v2.8a programmable bibliographies (PK/JW/AB)

(/usr/local/texlive/2014/texmf-dist/tex/latex/biblatex/biblatex1.sty
Package: biblatex1 2013/11/25 v2.8a programmable bibliographies (bibtex) (PK/JW
/AB)

(/usr/local/texlive/2014/texmf-dist/tex/latex/etoolbox/etoolbox.sty
Package: etoolbox 2011/01/03 v2.1 e-TeX tools for LaTeX
\etb@tempcnta=\count156
)
(/usr/local/texlive/2014/texmf-dist/tex/latex/logreq/logreq.sty
Package: logreq 2010/08/04 v1.0 xml request logger
\lrq@indent=\count157

(/usr/local/texlive/2014/texmf-dist/tex/latex/logreq/logreq.def
File: logreq.def 2010/08/04 v1.0 logreq spec v1.0
))
\c@tabx@nest=\count158
\c@listtotal=\count159
\c@listcount=\count160
\c@liststart=\count161
\c@liststop=\count162
\c@citecount=\count163
\c@citetotal=\count164
\c@multicitecount=\count165
\c@multicitetotal=\count166
\c@instcount=\count167
\c@maxnames=\count168
\c@minnames=\count169
\c@maxitems=\count170
\c@minitems=\count171
\c@citecounter=\count172
\c@savedcitecounter=\count173
\c@uniquelist=\count174
\c@uniquename=\count175
\c@refsection=\count176
\c@refsegment=\count177
\c@maxextrayear=\count178
\c@maxextraalpha=\count179
\c@abbrvpenalty=\count180
\c@highnamepenalty=\count181
\c@lownamepenalty=\count182
\c@maxparens=\count183
\c@parenlevel=\count184
\blx@tempcnta=\count185
\blx@tempcntb=\count186
\blx@tempcntc=\count187
\blx@maxsection=\count188
\blx@maxsegment=\count189
\blx@notetype=\count190
\blx@parenlevel@text=\count191
\blx@parenlevel@foot=\count192
\labelnumberwidth=\skip109
\labelalphawidth=\skip110
\shorthandwidth=\skip111
\biblabelsep=\skip112
\bibitemsep=\skip113
\bibnamesep=\skip114
\bibinitsep=\skip115
\bibparsep=\skip116
\bibhang=\skip117
\blx@auxin=\read2
\blx@auxout=\write5
\c@mincomprange=\count193
\c@maxcomprange=\count194
\c@mincompwidth=\count195
\c@labelname=\count196
\c@savedlabelname=\count197
\c@author=\count198
\c@savedauthor=\count199
\c@shortauthor=\count200
\c@savedshortauthor=\count201
\c@editor=\count202
\c@savededitor=\count203
\c@editora=\count204
\c@savededitora=\count205
\c@editorb=\count206
\c@savededitorb=\count207
\c@editorc=\count208
\c@savededitorc=\count209
\c@shorteditor=\count210
\c@savedshorteditor=\count211
\c@bookauthor=\count212
\c@savedbookauthor=\count213
Normal \count register pool exhausted, switching to extended pool.
\c@translator=\count277
\c@savedtranslator=\count278
\c@annotator=\count279
\c@savedannotator=\count280
\c@commentator=\count281
\c@savedcommentator=\count282
\c@introduction=\count283
\c@savedintroduction=\count284
\c@foreword=\count285
\c@savedforeword=\count286
\c@afterword=\count287
\c@savedafterword=\count288
\c@holder=\count289
\c@savedholder=\count290
\c@namea=\count291
\c@savednamea=\count292
\c@nameb=\count293
\c@savednameb=\count294
\c@namec=\count295
\c@savednamec=\count296
\c@institution=\count297
\c@savedinstitution=\count298
\c@language=\count299
\c@savedlanguage=\count300
\c@location=\count301
\c@savedlocation=\count302
\c@organization=\count303
\c@savedorganization=\count304
\c@origlocation=\count305
\c@savedoriglocation=\count306
\c@origpublisher=\count307
\c@savedorigpublisher=\count308
\c@pageref=\count309
\c@savedpageref=\count310
\c@publisher=\count311
\c@savedpublisher=\count312
\c@lista=\count313
\c@savedlista=\count314
\c@listb=\count315
\c@savedlistb=\count316
\c@listc=\count317
\c@savedlistc=\count318
\c@listd=\count319
\c@savedlistd=\count320
\c@liste=\count321
\c@savedliste=\count322
\c@listf=\count323
\c@savedlistf=\count324
Package biblatex Info: Trying to load compatibility code...
Package biblatex Info: ... file 'blx-compat.def' found.

(/usr/local/texlive/2014/texmf-dist/tex/latex/biblatex/blx-compat.def
File: blx-compat.def 2013/11/25 v2.8a biblatex compatibility (PK/JW/AB)
)
Package biblatex Info: Trying to load generic definitions...
Package biblatex Info: ... file 'biblatex.def' found.

(/usr/local/texlive/2014/texmf-dist/tex/latex/biblatex/biblatex.def
File: biblatex.def 
\c@textcitecount=\count325
\c@textcitetotal=\count326
\c@textcitemaxnames=\count327
\c@biburlnumpenalty=\count328
\c@biburlucpenalty=\count329
\c@biburllcpenalty=\count330
\c@smartand=\count331
)
Package biblatex Info: Trying to load bibliography style 'numeric'...
Package biblatex Info: ... file 'numeric.bbx' found.

(/usr/local/texlive/2014/texmf-dist/tex/latex/biblatex/bbx/numeric.bbx
File: numeric.bbx 2013/11/25 v2.8a biblatex bibliography style (PK/JW/AB)
Package biblatex Info: Trying to load bibliography style 'standard'...
Package biblatex Info: ... file 'standard.bbx' found.

(/usr/local/texlive/2014/texmf-dist/tex/latex/biblatex/bbx/standard.bbx
File: standard.bbx 2013/11/25 v2.8a biblatex bibliography style (PK/JW/AB)
\c@bbx:relatedcount=\count332
\c@bbx:relatedtotal=\count333
))
Package biblatex Info: Trying to load citation style 'numeric'...
Package biblatex Info: ... file 'numeric.cbx' found.

(/usr/local/texlive/2014/texmf-dist/tex/latex/biblatex/cbx/numeric.cbx
File: numeric.cbx 2013/11/25 v2.8a biblatex citation style (PK/JW/AB)
Package biblatex Info: Redefining '\cite'.
Package biblatex Info: Redefining '\parencite'.
Package biblatex Info: Redefining '\footcite'.
Package biblatex Info: Redefining '\footcitetext'.
Package biblatex Info: Redefining '\smartcite'.
Package biblatex Info: Redefining '\supercite'.
Package biblatex Info: Redefining '\textcite'.
Package biblatex Info: Redefining '\textcites'.
Package biblatex Info: Redefining '\cites'.
Package biblatex Info: Redefining '\parencites'.
Package biblatex Info: Redefining '\smartcites'.
)
Package biblatex Info: Trying to load configuration file...
Package biblatex Info: ... file 'biblatex.cfg' found.

(/usr/local/texlive/2014/texmf-dist/tex/latex/biblatex/biblatex.cfg
File: biblatex.cfg 
))))
Package biblatex Info: Trying to load language 'USenglish'...
Package biblatex Info: ... file 'USenglish.lbx' found.

(/usr/local/texlive/2014/texmf-dist/tex/latex/biblatex/lbx/USenglish.lbx
File: USenglish.lbx 2013/11/25 v2.8a biblatex localization (PK/JW/AB)
Package biblatex Info: Trying to load language 'american'...
Package biblatex Info: ... file 'american.lbx' found.

(/usr/local/texlive/2014/texmf-dist/tex/latex/biblatex/lbx/american.lbx
File: american.lbx 2013/11/25 v2.8a biblatex localization (PK/JW/AB)
Package biblatex Info: Trying to load language 'english'...
Package biblatex Info: ... file 'english.lbx' found.

(/usr/local/texlive/2014/texmf-dist/tex/latex/biblatex/lbx/english.lbx
File: english.lbx 2013/11/25 v2.8a biblatex localization (PK/JW/AB)
)))

Package biblatex Warning: Patching footnotes failed.
(biblatex)                Footnote detection will not work.

\@quotelevel=\count334
\@quotereset=\count335
(./doc.aux)
\openout1 = `doc.aux'.

LaTeX Font Info:    Checking defaults for OML/cmm/m/it on input line 19.
LaTeX Font Info:    ... okay on input line 19.
LaTeX Font Info:    Checking defaults for T1/cmr/m/n on input line 19.
LaTeX Font Info:    ... okay on input line 19.
LaTeX Font Info:    Checking defaults for OT1/cmr/m/n on input line 19.
LaTeX Font Info:    ... okay on input line 19.
LaTeX Font Info:    Checking defaults for OMS/cmsy/m/n on input line 19.
LaTeX Font Info:    ... okay on input line 19.
LaTeX Font Info:    Checking defaults for OMX/cmex/m/n on input line 19.
LaTeX Font Info:    ... okay on input line 19.
LaTeX Font Info:    Checking defaults for U/cmr/m/n on input line 19.
LaTeX Font Info:    ... okay on input line 19.
LaTeX Font Info:    Checking defaults for PD1/pdf/m/n on input line 19.
LaTeX Font Info:    ... okay on input line 19.
LaTeX Font Info:    Checking defaults for PU/pdf/m/n on input line 19.
LaTeX Font Info:    ... okay on input line 19.
LaTeX Font Info:    Checking defaults for TS1/cmr/m/n on input line 19.
LaTeX Font Info:    Try loading font information for TS1+cmr on input line 19.
 (/usr/local/texlive/2014/texmf-dist/tex/latex/base/ts1cmr.fd
File: ts1cmr.fd 1999/05/25 v2.5h Standard LaTeX font definitions
)
LaTeX Font Info:    ... okay on input line 19.
LaTeX Font Info:    Try loading font information for T1+pplj on input line 19.

(/usr/local/texlive/2014/texmf-dist/tex/latex/psnfss/t1pplj.fd
File: t1pplj.fd 2004/09/06 font definitions for T1/pplj.
)
\AtBeginShipoutBox=\box64
Package hyperref Info: Link coloring ON on input line 19.

(/usr/local/texlive/2014/texmf-dist/tex/latex/hyperref/nameref.sty
Package: nameref 2012/10/27 v2.43 Cross-referencing by name of section

(/usr/local/texlive/2014/texmf-dist/tex/generic/oberdiek/gettitlestring.sty
Package: gettitlestring 2010/12/03 v1.4 Cleanup title references (HO)
)
\c@section@level=\count336
)
LaTeX Info: Redefining \ref on input line 19.
LaTeX Info: Redefining \pageref on input line 19.
LaTeX Info: Redefining \nameref on input line 19.

(./doc.out) (./doc.out)
\@outlinefile=\write6
\openout6 = `doc.out'.

Package hyperref Info: Anchor `Doc-Start' on input line 19.
 ABD: EverySelectfont initializing macros
LaTeX Info: Redefining \selectfont on input line 19.

*geometry* driver: auto-detecting
*geometry* detected driver: pdftex
*geometry* verbose mode - [ preamble ] result:
* driver: pdftex
* paper: a4paper
* layout: <same size as paper>
* layoutoffset:(h,v)=(0.0pt,0.0pt)
* modes: twoside asymmetric 
* h-part:(L,W,R)=(70.56284pt, 304.44447pt, 222.50056pt)
* v-part:(T,H,B)=(77.96053pt, 686.0pt, 81.08632pt)
* \paperwidth=597.50787pt
* \paperheight=845.04684pt
* \textwidth=304.44447pt
* \textheight=686.0pt
* \oddsidemargin=-1.70715pt
* \evensidemargin=-1.70715pt
* \topmargin=-36.30946pt
* \headheight=14.0pt
* \headsep=28.0pt
* \topskip=10.0pt
* \footskip=25.29494pt
* \marginparwidth=140.5566pt
* \marginparsep=23.33124pt
* \columnsep=10.0pt
* \skip\footins=9.0pt plus 4.0pt minus 2.0pt
* \hoffset=0.0pt
* \voffset=0.0pt
* \mag=1000
* \@twocolumnfalse
* \@twosidetrue
* \@mparswitchfalse
* \@reversemarginfalse
* (1in=72.27pt=25.4mm, 1cm=28.453pt)

(/usr/local/texlive/2014/texmf-dist/tex/context/base/supp-pdf.mkii
[Loading MPS to PDF converter (version 2006.09.02).]
\scratchcounter=\count337
\scratchdimen=\dimen175
\scratchbox=\box65
\nofMPsegments=\count338
\nofMParguments=\count339
\everyMPshowfont=\toks31
\MPscratchCnt=\count340
\MPscratchDim=\dimen176
\MPnumerator=\count341
\makeMPintoPDFobject=\count342
\everyMPtoPDFconversion=\toks32
)
\langwohyphens=\language79
Package caption Info: Begin \AtBeginDocument code.
Package caption Info: subfig package v1.3 is loaded.
Package caption Info: End \AtBeginDocument code.
Package lastpage Info: Please have a look at the pageslts package at
(lastpage)             http://www.ctan.org/tex-archive/ 
(lastpage)             macros/latex/contrib/pageslts/ 
(lastpage)             or
(lastpage)             http://www.ctan.org/tex-archive/ 
(lastpage)             install/macros/latex/contrib/pageslts.tds.zip
(lastpage)             ! on input line 19.
Package biblatex Info: No input encoding detected.
(biblatex)             Assuming 'ascii'.
Package biblatex Info: Automatic encoding selection.
(biblatex)             Assuming data encoding 'ascii'.
\openout5 = `doc-blx.bib'.

Package biblatex Info: Trying to load bibliographic data...
Package biblatex Info: ... file 'doc.bbl' not found.

No file doc.bbl.
Package biblatex Info: Reference section=0 on input line 19.
Package biblatex Info: Reference segment=0 on input line 19.
(./frontmatter.tex
LaTeX Font Info:    Try loading font information for T1+phv on input line 18.

(/usr/local/texlive/2014/texmf-dist/tex/latex/psnfss/t1phv.fd
File: t1phv.fd 2001/06/04 scalable font definitions for T1/phv.
)
LaTeX Font Info:    Font shape `T1/phv/m/n' will be
(Font)              scaled to size 8.99994pt on input line 18.
LaTeX Font Info:    Font shape `T1/phv/m/n' will be
(Font)              scaled to size 10.79993pt on input line 20.
LaTeX Font Info:    Font shape `T1/phv/m/n' will be
(Font)              scaled to size 16.19989pt on input line 21.

(./contributors/contributors.tex
LaTeX Font Info:    Font shape `T1/phv/m/it' in size <12> not available
(Font)              Font shape `T1/phv/m/sl' tried instead on input line 2.
LaTeX Font Info:    Font shape `T1/phv/m/sl' will be
(Font)              scaled to size 10.79993pt on input line 2.
))
Package hyperref Info: Anchor `page.1' on input line 27.
 [1

{/usr/local/texlive/2014/texmf-var/fonts/map/pdftex/updmap/pdftex.map}
Package `hyperref' Info: End of reference <VerboseLinkInfo>.
Package `hyperref' Info: End of reference <VerboseLinkInfo>.
]
Package hyperref Info: Anchor `page.2' on input line 27.
 [2

]
Package hyperref Info: Anchor `chapter*.1' on input line 27.
 (./doc.toc
Package hyperref Info: Reference (link) `chapter.1' on input line 3.
Package hyperref Info: Reference (link) `chapter.1' on input line 3.
Package hyperref Info: Reference (link) `section.1.1' on input line 5.
Package hyperref Info: Reference (link) `section.1.1' on input line 5.
Package hyperref Info: Reference (link) `chapter.2' on input line 7.
Package hyperref Info: Reference (link) `chapter.2' on input line 7.
Package hyperref Info: Reference (link) `section.2.1' on input line 9.
Package hyperref Info: Reference (link) `section.2.1' on input line 9.
Package hyperref Info: Reference (link) `section.2.2' on input line 11.
Package hyperref Info: Reference (link) `section.2.2' on input line 11.
Package hyperref Info: Reference (link) `section.2.3' on input line 13.
Package hyperref Info: Reference (link) `section.2.3' on input line 13.
Package hyperref Info: Reference (link) `section.2.4' on input line 19.
Package hyperref Info: Reference (link) `section.2.4' on input line 19.
Package hyperref Info: Reference (link) `section.2.5' on input line 27.
Package hyperref Info: Reference (link) `section.2.5' on input line 27.
Package hyperref Info: Reference (link) `section.2.6' on input line 29.
Package hyperref Info: Reference (link) `section.2.6' on input line 29.
Package hyperref Info: Reference (link) `chapter.3' on input line 31.
Package hyperref Info: Reference (link) `chapter.3' on input line 31.
Package hyperref Info: Reference (link) `section.3.1' on input line 33.
Package hyperref Info: Reference (link) `section.3.1' on input line 33.
Package hyperref Info: Reference (link) `section.3.2' on input line 35.
Package hyperref Info: Reference (link) `section.3.2' on input line 35.
Package hyperref Info: Reference (link) `section.3.3' on input line 47.
Package hyperref Info: Reference (link) `section.3.3' on input line 47.
Package hyperref Info: Reference (link) `chapter.4' on input line 49.
Package hyperref Info: Reference (link) `chapter.4' on input line 49.
Package hyperref Info: Reference (link) `section.4.1' on input line 51.
Package hyperref Info: Reference (link) `section.4.1' on input line 51.
Package hyperref Info: Reference (link) `section.4.2' on input line 53.
Package hyperref Info: Reference (link) `section.4.2' on input line 53.
Package hyperref Info: Reference (link) `section.4.3' on input line 55.
Package hyperref Info: Reference (link) `section.4.3' on input line 55.
Package hyperref Info: Reference (link) `section.4.4' on input line 57.
Package hyperref Info: Reference (link) `section.4.4' on input line 57.
Package hyperref Info: Reference (link) `chapter.5' on input line 65.
Package hyperref Info: Reference (link) `chapter.5' on input line 65.
Package hyperref Info: Reference (link) `section.5.1' on input line 67.
Package hyperref Info: Reference (link) `section.5.1' on input line 67.
Package hyperref Info: Reference (link) `section.5.2' on input line 73.
Package hyperref Info: Reference (link) `section.5.2' on input line 73.
Package hyperref Info: Reference (link) `section.5.3' on input line 75.
Package hyperref Info: Reference (link) `section.5.3' on input line 75.
Package hyperref Info: Reference (link) `chapter.6' on input line 77.
Package hyperref Info: Reference (link) `chapter.6' on input line 77.
Package hyperref Info: Reference (link) `section.6.1' on input line 79.
Package hyperref Info: Anchor `page.3' on input line 79.
 [3
Package `hyperref' Info: End of reference (link) `chapter.1', line 3.
Package `hyperref' Info: End of reference (link) `section.1.1', line 5.
Package `hyperref' Info: End of reference (link) `chapter.2', line 7.
Package `hyperref' Info: End of reference (link) `section.2.1', line 9.
Package `hyperref' Info: End of reference (link) `section.2.2', line 11.
Package `hyperref' Info: End of reference (link) `section.2.3', line 13.
Package `hyperref' Info: End of reference (link) `section.2.4', line 19.
Package `hyperref' Info: End of reference (link) `section.2.5', line 27.
Package `hyperref' Info: End of reference (link) `section.2.6', line 29.
Package `hyperref' Info: End of reference (link) `chapter.3', line 31.
Package `hyperref' Info: End of reference (link) `section.3.1', line 33.
Package `hyperref' Info: End of reference (link) `section.3.2', line 35.
Package `hyperref' Info: End of reference (link) `section.3.3', line 47.
Package `hyperref' Info: End of reference (link) `chapter.4', line 49.
Package `hyperref' Info: End of reference (link) `section.4.1', line 51.
Package `hyperref' Info: End of reference (link) `section.4.2', line 53.
Package `hyperref' Info: End of reference (link) `section.4.3', line 55.
Package `hyperref' Info: End of reference (link) `section.4.4', line 57.
Package `hyperref' Info: End of reference (link) `chapter.5', line 65.
Package `hyperref' Info: End of reference (link) `section.5.1', line 67.
Package `hyperref' Info: End of reference (link) `section.5.2', line 73.
Package `hyperref' Info: End of reference (link) `section.5.3', line 75.
]
Package hyperref Info: Reference (link) `section.6.1' on input line 79.
Package hyperref Info: Reference (link) `section.6.2' on input line 81.
Package hyperref Info: Reference (link) `section.6.2' on input line 81.
Package hyperref Info: Reference (link) `chapter.7' on input line 83.
Package hyperref Info: Reference (link) `chapter.7' on input line 83.
Package hyperref Info: Reference (link) `appendix.A' on input line 85.
Package hyperref Info: Reference (link) `appendix.A' on input line 85.
Package hyperref Info: Reference (link) `appendix.B' on input line 87.
Package hyperref Info: Reference (link) `appendix.B' on input line 87.
)
\tf@toc=\write7
\openout7 = `doc.toc'.

Package hyperref Info: Anchor `page.4' on input line 31.
 [4
Package `hyperref' Info: End of reference (link) `chapter.6', line 77.
Package `hyperref' Info: End of reference (link) `section.6.1', line 79.
Package `hyperref' Info: End of reference (link) `section.6.2', line 81.
Package `hyperref' Info: End of reference (link) `chapter.7', line 83.
Package `hyperref' Info: End of reference (link) `appendix.A', line 85.
Package `hyperref' Info: End of reference (link) `appendix.B', line 87.
]
Package hyperref Info: Anchor `chapter.1' on input line 31.

Chapter 1.
Package hyperref Info: bookmark on input line 31:
(hyperref)             thecounter {1}
(hyperref)             text {\protect \numberline {\thechapter }Introduction}
(hyperref)             reference {chapter.1}
(hyperref)             toclevel {0}
(hyperref)             type {toc}.
(./tex/Introduction.tex
Package hyperref Info: Anchor `section.1.1' on input line 3.
Package hyperref Info: bookmark on input line 3:
(hyperref)             thecounter {1.1}
(hyperref)             text {\ifttl@toclabel \ttl@a \fi Goals of the White Pape
r}
(hyperref)             reference {section.1.1}
(hyperref)             toclevel {1}
(hyperref)             type {toc}.
Package hyperref Info: Anchor `Item.1' on input line 12.
Package hyperref Info: Anchor `Item.2' on input line 13.
Package hyperref Info: Anchor `Item.3' on input line 14.
Package hyperref Info: Anchor `Item.4' on input line 15.
Package hyperref Info: Anchor `page.5' on input line 16.
 [5

]
Package hyperref Info: Anchor `Item.5' on input line 16.
)
Package hyperref Info: Anchor `page.6' on input line 35.
 [6]
Package hyperref Info: Anchor `chapter.2' on input line 35.

Chapter 2.
Package hyperref Info: bookmark on input line 35:
(hyperref)             thecounter {2}
(hyperref)             text {\protect \numberline {\thechapter }Simplified Mode
l Framework}
(hyperref)             reference {chapter.2}
(hyperref)             toclevel {0}
(hyperref)             type {toc}.
(./tex/SimplifiedModel.tex
LaTeX Font Info:    Try loading font information for OT1+pplx on input line 9.

(/usr/local/texlive/2014/texmf-dist/tex/latex/psnfss/ot1pplx.fd
File: ot1pplx.fd 2004/09/06 font definitions for OT1/pplx.
)
LaTeX Font Info:    Try loading font information for OML+zplm on input line 9.

(/usr/local/texlive/2014/texmf-dist/tex/latex/psnfss/omlzplm.fd
File: omlzplm.fd 2002/09/08 Fontinst v1.914 font definitions for OML/zplm.
)
LaTeX Font Info:    Try loading font information for OMS+zplm on input line 9.

(/usr/local/texlive/2014/texmf-dist/tex/latex/psnfss/omszplm.fd
File: omszplm.fd 2002/09/08 Fontinst v1.914 font definitions for OMS/zplm.
)
LaTeX Font Info:    Try loading font information for OMX+zplm on input line 9.

(/usr/local/texlive/2014/texmf-dist/tex/latex/psnfss/omxzplm.fd
File: omxzplm.fd 2002/09/08 Fontinst v1.914 font definitions for OMX/zplm.
)
LaTeX Font Info:    Try loading font information for OT1+zplm on input line 9.

(/usr/local/texlive/2014/texmf-dist/tex/latex/psnfss/ot1zplm.fd
File: ot1zplm.fd 2002/09/08 Fontinst v1.914 font definitions for OT1/zplm.
)
LaTeX Font Info:    Font shape `U/msa/m/n' will be
(Font)              scaled to size 10.42007pt on input line 9.
LaTeX Font Info:    Font shape `U/msa/m/n' will be
(Font)              scaled to size 7.91925pt on input line 9.
LaTeX Font Info:    Font shape `U/msa/m/n' will be
(Font)              scaled to size 6.25204pt on input line 9.
LaTeX Font Info:    Font shape `U/msb/m/n' will be
(Font)              scaled to size 10.42007pt on input line 9.
LaTeX Font Info:    Font shape `U/msb/m/n' will be
(Font)              scaled to size 7.91925pt on input line 9.
LaTeX Font Info:    Font shape `U/msb/m/n' will be
(Font)              scaled to size 6.25204pt on input line 9.
LaTeX Font Info:    Font shape `U/msa/m/n' will be
(Font)              scaled to size 8.33606pt on input line 9.
LaTeX Font Info:    Font shape `U/msa/m/n' will be
(Font)              scaled to size 5.21004pt on input line 9.
LaTeX Font Info:    Font shape `U/msb/m/n' will be
(Font)              scaled to size 8.33606pt on input line 9.
LaTeX Font Info:    Font shape `U/msb/m/n' will be
(Font)              scaled to size 5.21004pt on input line 9.
Package hyperref Info: Reference (link) `subsection.2.4.3' on input line 9.
LaTeX Font Info:    Font shape `T1/pplj/bx/n' in size <10> not available
(Font)              Font shape `T1/pplj/b/n' tried instead on input line 10.
Package hyperref Info: Reference (link) `chapter.3' on input line 10.


LaTeX Warning: Marginpar on page 7 moved.


Underfull \vbox (badness 10000) has occurred while \output is active []

Package hyperref Info: Anchor `page.7' on input line 11.
 [7

Package `hyperref' Info: End of reference (link) `subsection.2.4.3', line 9.
]
Package hyperref Info: Anchor `section.2.1' on input line 12.
Package hyperref Info: bookmark on input line 12:
(hyperref)             thecounter {2.1}
(hyperref)             text {\ifttl@toclabel \ttl@a \fi Goals of the Simplified
 Model Framework}
(hyperref)             reference {section.2.1}
(hyperref)             toclevel {1}
(hyperref)             type {toc}.
Package hyperref Info: Anchor `Item.6' on input line 20.
Package hyperref Info: Anchor `Item.7' on input line 21.
Package hyperref Info: Anchor `Item.8' on input line 22.
Package hyperref Info: Anchor `Item.9' on input line 23.
Package hyperref Info: Anchor `Item.10' on input line 24.
Package hyperref Info: Anchor `Item.11' on input line 25.


LaTeX Warning: Marginpar on page 8 moved.

Package hyperref Info: Anchor `section.2.2' on input line 31.
Package hyperref Info: bookmark on input line 31:
(hyperref)             thecounter {2.2}
(hyperref)             text {\ifttl@toclabel \ttl@a \fi Existing Well-Motivated
 Theories for LLPs}
(hyperref)             reference {section.2.2}
(hyperref)             toclevel {1}
(hyperref)             type {toc}.
LaTeX Font Info:    Try loading font information for TS1+pplj on input line 35.

(/usr/local/texlive/2014/texmf-dist/tex/latex/psnfss/ts1pplj.fd
File: ts1pplj.fd 2004/09/06 font definitions for TS1/pplj.
)
Package hyperref Info: Anchor `page.8' on input line 37.
 [8
Package `hyperref' Info: End of reference (link) `chapter.3', line 10.
]
Package hyperref Info: Anchor `section.2.3' on input line 45.
Package hyperref Info: bookmark on input line 45:
(hyperref)             thecounter {2.3}
(hyperref)             text {\ifttl@toclabel \ttl@a \fi The Simplified Model Bu
ilding Blocks}
(hyperref)             reference {section.2.3}
(hyperref)             toclevel {1}
(hyperref)             type {toc}.
Package hyperref Info: Anchor `subsection.2.3.1' on input line 49.
Package hyperref Info: bookmark on input line 49:
(hyperref)             thecounter {2.3.1}
(hyperref)             text {\ifttl@toclabel \ttl@a \fi Production Modes}
(hyperref)             reference {subsection.2.3.1}
(hyperref)             toclevel {2}
(hyperref)             type {toc}.


Package Fancyhdr Warning: \headheight is too small (14.0pt): 
 Make it at least 17.0pt.
 We now make it that large for the rest of the document.
 This may cause the page layout to be inconsistent, however.

Package hyperref Info: Anchor `page.9' on input line 54.
[9]

LaTeX Warning: Marginpar on page 10 moved.

Package hyperref Info: Anchor `subsection.2.3.2' on input line 61.
Package hyperref Info: bookmark on input line 61:
(hyperref)             thecounter {2.3.2}
(hyperref)             text {\ifttl@toclabel \ttl@a \fi Decay Modes}
(hyperref)             reference {subsection.2.3.2}
(hyperref)             toclevel {2}
(hyperref)             type {toc}.
Package hyperref Info: Anchor `page.10' on input line 65.
[10]
Package hyperref Info: Anchor `section.2.4' on input line 77.
Package hyperref Info: bookmark on input line 77:
(hyperref)             thecounter {2.4}
(hyperref)             text {\ifttl@toclabel \ttl@a \fi Our Simplified Models P
roposals}
(hyperref)             reference {section.2.4}
(hyperref)             toclevel {1}
(hyperref)             type {toc}.


Package Fancyhdr Warning: \headheight is too small (14.0pt): 
 Make it at least 17.0pt.
 We now make it that large for the rest of the document.
 This may cause the page layout to be inconsistent, however.

Package hyperref Info: Anchor `page.11' on input line 82.
[11]
Package hyperref Info: Anchor `subsection.2.4.1' on input line 83.
Package hyperref Info: bookmark on input line 83:
(hyperref)             thecounter {2.4.1}
(hyperref)             text {\ifttl@toclabel \ttl@a \fi Neutral LLPs}
(hyperref)             reference {subsection.2.4.1}
(hyperref)             toclevel {2}
(hyperref)             type {toc}.

Overfull \hbox (30.71407pt too wide) in paragraph at lines 89--90
[]\T1/pplj/m/n/10 In each en-try of the ta-ble, we in-di-cate where a par-tic-u
-lar $\OT1/zplm/m/n/10 ([]) \OMS/zplm/m/n/10 ^^B 
 []


Overfull \hbox (164.7743pt too wide) in paragraph at lines 92--119
 [] 
 []

Package hyperref Info: Anchor `subsection.2.4.2' on input line 121.
LaTeX Font Info:    Font shape `U/msa/m/n' will be
(Font)              scaled to size 11.40997pt on input line 121.
LaTeX Font Info:    Font shape `U/msb/m/n' will be
(Font)              scaled to size 11.40997pt on input line 121.
Package hyperref Info: bookmark on input line 121:
(hyperref)             thecounter {2.4.2}
(hyperref)             text {\ifttl@toclabel \ttl@a \fi Electrically Charged LL
Ps:~$|Q|=1$}
(hyperref)             reference {subsection.2.4.2}
(hyperref)             toclevel {2}
(hyperref)             type {toc}.
Package hyperref Info: Anchor `page.12' on input line 124.
[12]
Package hyperref Info: Anchor `subsection.2.4.3' on input line 148.
Package hyperref Info: bookmark on input line 148:
(hyperref)             thecounter {2.4.3}
(hyperref)             text {\ifttl@toclabel \ttl@a \fi LLPs with Color Charge}

(hyperref)             reference {subsection.2.4.3}
(hyperref)             toclevel {2}
(hyperref)             type {toc}.

Overfull \hbox (10.00537pt too wide) in paragraph at lines 153--154
[]\T1/pplj/m/n/10 A com-pli-ca-tion of the QCD-charged LLP is that the LLP hadr
onizes 
 []

Package hyperref Info: Anchor `section.2.5' on input line 166.
Package hyperref Info: bookmark on input line 166:
(hyperref)             thecounter {2.5}
(hyperref)             text {\ifttl@toclabel \ttl@a \fi Conventions for the Sim
plified Models Library}
(hyperref)             reference {section.2.5}
(hyperref)             toclevel {1}
(hyperref)             type {toc}.

Package Fancyhdr Warning: \headheight is too small (14.0pt): 
 Make it at least 17.0pt.
 We now make it that large for the rest of the document.
 This may cause the page layout to be inconsistent, however.

Package hyperref Info: Anchor `page.13' on input line 169.
[13]
Package hyperref Info: Anchor `section.2.6' on input line 169.

Overfull \hbox (13.44751pt too wide) in paragraph at lines 169--169
 |[]\T1/pplj/m/it/12 Limitations, Ex-cep-tions and Caveats to the Sim-pli-fied 
Mod-
 []

Package hyperref Info: bookmark on input line 169:
(hyperref)             thecounter {2.6}
(hyperref)             text {\ifttl@toclabel \ttl@a \fi Limitations, Exceptions
 and Caveats to the Simplified Models}
(hyperref)             reference {section.2.6}
(hyperref)             toclevel {1}
(hyperref)             type {toc}.
)
Package hyperref Info: Anchor `page.14' on input line 39.
 [14]
Package hyperref Info: Anchor `chapter.3' on input line 39.

Chapter 3.
Package hyperref Info: bookmark on input line 39:
(hyperref)             thecounter {3}
(hyperref)             text {\protect \numberline {\thechapter }Experimental Co
verage \& Recommendations for New Searches}
(hyperref)             reference {chapter.3}
(hyperref)             toclevel {0}
(hyperref)             type {toc}.
(./tex/ExperimentCoverage.tex
Package hyperref Info: Anchor `section.3.1' on input line 3.
Package hyperref Info: bookmark on input line 3:
(hyperref)             thecounter {3.1}
(hyperref)             text {\ifttl@toclabel \ttl@a \fi Summary of High-Priorit
y Searches Needed}
(hyperref)             reference {section.3.1}
(hyperref)             toclevel {1}
(hyperref)             type {toc}.
Package hyperref Info: Anchor `section.3.2' on input line 5.
Package hyperref Info: bookmark on input line 5:
(hyperref)             thecounter {3.2}
(hyperref)             text {\ifttl@toclabel \ttl@a \fi Sensitivity of Current 
Searches to Simplified Models}
(hyperref)             reference {section.3.2}
(hyperref)             toclevel {1}
(hyperref)             type {toc}.

Overfull \hbox (2.82558pt too wide) in paragraph at lines 7--8
\T1/pplj/b/n/10 [BS: My pro-posal is to or-ga-nize ac-cord-ing to chan-nel (all
-hadronic, 
 []


Overfull \hbox (2.71558pt too wide) in paragraph at lines 7--8
\T1/pplj/b/n/10 semi-leptonic, lep-tonic, pho-tons, etc). It may be that some s
earches 
 []

Package hyperref Info: Anchor `subsection.3.2.1' on input line 9.
Package hyperref Info: bookmark on input line 9:
(hyperref)             thecounter {3.2.1}
(hyperref)             text {\ifttl@toclabel \ttl@a \fi Detector-Stable}
(hyperref)             reference {subsection.3.2.1}
(hyperref)             toclevel {2}
(hyperref)             type {toc}.
Package hyperref Info: Anchor `subsection.3.2.2' on input line 10.
Package hyperref Info: bookmark on input line 10:
(hyperref)             thecounter {3.2.2}
(hyperref)             text {\ifttl@toclabel \ttl@a \fi All-Hadronic Decays}
(hyperref)             reference {subsection.3.2.2}
(hyperref)             toclevel {2}
(hyperref)             type {toc}.
Package hyperref Info: Anchor `subsection.3.2.3' on input line 11.
Package hyperref Info: bookmark on input line 11:
(hyperref)             thecounter {3.2.3}
(hyperref)             text {\ifttl@toclabel \ttl@a \fi Semi-Leptonic Decays}
(hyperref)             reference {subsection.3.2.3}
(hyperref)             toclevel {2}
(hyperref)             type {toc}.
Package hyperref Info: Anchor `subsection.3.2.4' on input line 12.
Package hyperref Info: bookmark on input line 12:
(hyperref)             thecounter {3.2.4}
(hyperref)             text {\ifttl@toclabel \ttl@a \fi Leptonic Decays}
(hyperref)             reference {subsection.3.2.4}
(hyperref)             toclevel {2}
(hyperref)             type {toc}.
Package hyperref Info: Anchor `subsection.3.2.5' on input line 13.
Package hyperref Info: bookmark on input line 13:
(hyperref)             thecounter {3.2.5}
(hyperref)             text {\ifttl@toclabel \ttl@a \fi Photonic Decays}
(hyperref)             reference {subsection.3.2.5}
(hyperref)             toclevel {2}
(hyperref)             type {toc}.
Package hyperref Info: Anchor `section.3.3' on input line 15.
Package hyperref Info: bookmark on input line 15:
(hyperref)             thecounter {3.3}
(hyperref)             text {\ifttl@toclabel \ttl@a \fi Overview of Gaps}
(hyperref)             reference {section.3.3}
(hyperref)             toclevel {1}
(hyperref)             type {toc}.
)
Package hyperref Info: Anchor `page.15' on input line 43.
 [15

]
Package hyperref Info: Anchor `page.16' on input line 43.
 [16

]
Package hyperref Info: Anchor `chapter.4' on input line 43.

Chapter 4.
Package hyperref Info: bookmark on input line 43:
(hyperref)             thecounter {4}
(hyperref)             text {\protect \numberline {\thechapter }Trigger and Det
ector Upgrades}
(hyperref)             reference {chapter.4}
(hyperref)             toclevel {0}
(hyperref)             type {toc}.
(./tex/triggers.tex
Package hyperref Info: Anchor `section.4.1' on input line 1.
Package hyperref Info: bookmark on input line 1:
(hyperref)             thecounter {4.1}
(hyperref)             text {\ifttl@toclabel \ttl@a \fi Summary of Current Trig
ger Sensitivity \& Proposals}
(hyperref)             reference {section.4.1}
(hyperref)             toclevel {1}
(hyperref)             type {toc}.
Package hyperref Info: Anchor `section.4.2' on input line 4.
Package hyperref Info: bookmark on input line 4:
(hyperref)             thecounter {4.2}
(hyperref)             text {\ifttl@toclabel \ttl@a \fi Prospects for Trigger U
pgrades}
(hyperref)             reference {section.4.2}
(hyperref)             toclevel {1}
(hyperref)             type {toc}.
Package hyperref Info: Anchor `section.4.3' on input line 7.

Overfull \hbox (19.77145pt too wide) in paragraph at lines 7--7
 |[]\T1/pplj/m/it/12 Prospects for Of-fline Re-con-struc-tion with De-tec-tor U
p-grades| 
 []

Package hyperref Info: bookmark on input line 7:
(hyperref)             thecounter {4.3}
(hyperref)             text {\ifttl@toclabel \ttl@a \fi Prospects for Offline R
econstruction with Detector Upgrades}
(hyperref)             reference {section.4.3}
(hyperref)             toclevel {1}
(hyperref)             type {toc}.
Package hyperref Info: Anchor `section.4.4' on input line 10.
Package hyperref Info: bookmark on input line 10:
(hyperref)             thecounter {4.4}
(hyperref)             text {\ifttl@toclabel \ttl@a \fi Current and Proposed De
dicated LLP Detectors}
(hyperref)             reference {section.4.4}
(hyperref)             toclevel {1}
(hyperref)             type {toc}.
Package hyperref Info: Anchor `subsection.4.4.1' on input line 14.
Package hyperref Info: bookmark on input line 14:
(hyperref)             thecounter {4.4.1}
(hyperref)             text {\ifttl@toclabel \ttl@a \fi MOEDAL}
(hyperref)             reference {subsection.4.4.1}
(hyperref)             toclevel {2}
(hyperref)             type {toc}.
Package hyperref Info: Anchor `subsection.4.4.2' on input line 15.
Package hyperref Info: bookmark on input line 15:
(hyperref)             thecounter {4.4.2}
(hyperref)             text {\ifttl@toclabel \ttl@a \fi milliQan}
(hyperref)             reference {subsection.4.4.2}
(hyperref)             toclevel {2}
(hyperref)             type {toc}.
Package hyperref Info: Anchor `subsection.4.4.3' on input line 16.
Package hyperref Info: bookmark on input line 16:
(hyperref)             thecounter {4.4.3}
(hyperref)             text {\ifttl@toclabel \ttl@a \fi MATHUSLA}
(hyperref)             reference {subsection.4.4.3}
(hyperref)             toclevel {2}
(hyperref)             type {toc}.
)
Package hyperref Info: Anchor `page.17' on input line 47.
 [17]
Package hyperref Info: Anchor `page.18' on input line 47.
 [18

]
Package hyperref Info: Anchor `chapter.5' on input line 47.

Chapter 5.
Package hyperref Info: bookmark on input line 47:
(hyperref)             thecounter {5}
(hyperref)             text {\protect \numberline {\thechapter }Recommendations
 for the Presentation of Search Results}
(hyperref)             reference {chapter.5}
(hyperref)             toclevel {0}
(hyperref)             type {toc}.
(./tex/Recommendations.tex
Package hyperref Info: Anchor `section.5.1' on input line 1.
Package hyperref Info: bookmark on input line 1:
(hyperref)             thecounter {5.1}
(hyperref)             text {\ifttl@toclabel \ttl@a \fi Important Factors for R
esult Reinterpretation}
(hyperref)             reference {section.5.1}
(hyperref)             toclevel {1}
(hyperref)             type {toc}.
Package hyperref Info: Anchor `subsection.5.1.1' on input line 3.
Package hyperref Info: bookmark on input line 3:
(hyperref)             thecounter {5.1.1}
(hyperref)             text {\ifttl@toclabel \ttl@a \fi Lessons from Non-LLP Re
interpretation Studies}
(hyperref)             reference {subsection.5.1.1}
(hyperref)             toclevel {2}
(hyperref)             type {toc}.
Package hyperref Info: Anchor `subsection.5.1.2' on input line 4.
Package hyperref Info: bookmark on input line 4:
(hyperref)             thecounter {5.1.2}
(hyperref)             text {\ifttl@toclabel \ttl@a \fi Additional Challenges f
or LLP Reconstruction}
(hyperref)             reference {subsection.5.1.2}
(hyperref)             toclevel {2}
(hyperref)             type {toc}.
Package hyperref Info: Anchor `section.5.2' on input line 6.
Package hyperref Info: bookmark on input line 6:
(hyperref)             thecounter {5.2}
(hyperref)             text {\ifttl@toclabel \ttl@a \fi Reinterpretation and Si
mplified Models}
(hyperref)             reference {section.5.2}
(hyperref)             toclevel {1}
(hyperref)             type {toc}.
Package hyperref Info: Anchor `section.5.3' on input line 8.
Package hyperref Info: bookmark on input line 8:
(hyperref)             thecounter {5.3}
(hyperref)             text {\ifttl@toclabel \ttl@a \fi Our Proposals for Prese
ntation of Results}
(hyperref)             reference {section.5.3}
(hyperref)             toclevel {1}
(hyperref)             type {toc}.
)
Package hyperref Info: Anchor `page.19' on input line 51.
 [19]
Package hyperref Info: Anchor `page.20' on input line 51.
 [20

]
Package hyperref Info: Anchor `chapter.6' on input line 51.

Chapter 6.
Package hyperref Info: bookmark on input line 51:
(hyperref)             thecounter {6}
(hyperref)             text {\protect \numberline {\thechapter }The Next Fronti
ers:~Dark Showers and Quirky Signatures}
(hyperref)             reference {chapter.6}
(hyperref)             toclevel {0}
(hyperref)             type {toc}.
(./tex/Showers.tex
Package hyperref Info: Anchor `section.6.1' on input line 3.
Package hyperref Info: bookmark on input line 3:
(hyperref)             thecounter {6.1}
(hyperref)             text {\ifttl@toclabel \ttl@a \fi Dark Showers}
(hyperref)             reference {section.6.1}
(hyperref)             toclevel {1}
(hyperref)             type {toc}.
Package hyperref Info: Anchor `section.6.2' on input line 4.
Package hyperref Info: bookmark on input line 4:
(hyperref)             thecounter {6.2}
(hyperref)             text {\ifttl@toclabel \ttl@a \fi Quirks}
(hyperref)             reference {section.6.2}
(hyperref)             toclevel {1}
(hyperref)             type {toc}.
)
Package hyperref Info: Anchor `page.21' on input line 56.
 [21]
Package hyperref Info: Anchor `page.22' on input line 56.
 [22

]
Package hyperref Info: Anchor `chapter.7' on input line 56.

Chapter 7.
Package hyperref Info: bookmark on input line 56:
(hyperref)             thecounter {7}
(hyperref)             text {\protect \numberline {\thechapter }Conclusions}
(hyperref)             reference {chapter.7}
(hyperref)             toclevel {0}
(hyperref)             type {toc}.
(./tex/Conclusions.tex)
Package hyperref Info: Anchor `page.23' on input line 66.
 [23]
Package hyperref Info: Anchor `page.24' on input line 66.
 [24

]
Package hyperref Info: Anchor `appendix.A' on input line 66.

Appendix A.
Package hyperref Info: bookmark on input line 66:
(hyperref)             thecounter {A}
(hyperref)             text {\protect \numberline {\thechapter }Appendix:~Summa
ry of Backgrounds for LLP Searches}
(hyperref)             reference {appendix.A}
(hyperref)             toclevel {0}
(hyperref)             type {toc}.
(./tex/backgrounds.tex)
Package hyperref Info: Anchor `page.25' on input line 70.
 [25]
Package hyperref Info: Anchor `page.26' on input line 70.
 [26

]
Package hyperref Info: Anchor `appendix.B' on input line 70.

Appendix B.
Package hyperref Info: bookmark on input line 70:
(hyperref)             thecounter {B}
(hyperref)             text {\protect \numberline {\thechapter }Appendix:~Overv
iew of Current Experimental Searches}
(hyperref)             reference {appendix.B}
(hyperref)             toclevel {0}
(hyperref)             type {toc}.
(./tex/experimental_searches.tex)

LaTeX Warning: Empty bibliography on input line 91.


AED: lastpage setting LastPage
Package hyperref Info: Anchor `page.27' on input line 93.
[27]
Package atveryend Info: Empty hook `BeforeClearDocument' on input line 93.
Package hyperref Info: Anchor `page.28' on input line 93.
 [28

]
Package atveryend Info: Empty hook `AfterLastShipout' on input line 93.
 (./doc.aux)
Package atveryend Info: Executing hook `AtVeryEndDocument' on input line 93.


 *File List*
tufte-book.cls    2010/03/28 v3.5.1 Tufte-book class
tufte-common.def    2011/06/18 v3.5.2 Common code for the Tufte-LaTeX styles
 xkeyval.sty    2014/05/09 v2.6d package option processing (HA)
 xkeyval.tex    2014/05/09 v2.6d key=value parser (HA)
 xifthen.sty    2009/04/17 v1.3 Extended ifthen features
    etex.sty    2016/08/01 v2.7 eTeX basic definition package (PEB,DPC)
    calc.sty    2007/08/22 v4.3 Infix arithmetic (KKT,FJ)
  ifthen.sty    2001/05/26 v1.1c Standard LaTeX ifthen package (DPC)
 ifmtarg.sty    2009/09/02 v1.2a check for an empty argument
hardwrap.sty    2011/02/12 v0.2 Hard wrap messages
ifplatform.sty    2010/10/22 v0.4 Testing for the operating system
pdftexcmds.sty    2011/11/29 v0.20 Utility functions of pdfTeX for LuaTeX (HO)
infwarerr.sty    2010/04/08 v1.3 Providing info/warning/error messages (HO)
ifluatex.sty    2010/03/01 v1.3 Provides the ifluatex switch (HO)
 ltxcmds.sty    2011/11/09 v1.22 LaTeX kernel commands for general use (HO)
   ifpdf.sty    2011/01/30 v2.3 Provides the ifpdf switch (HO)
catchfile.sty    2011/03/01 v1.6 Catch the contents of a file (HO)
etexcmds.sty    2011/02/16 v1.5 Avoid name clashes with e-TeX commands (HO)
    book.cls    2007/10/19 v1.4h Standard LaTeX document class
    bk10.clo    2007/10/19 v1.4h Standard LaTeX file (size option)
 ifxetex.sty    2010/09/12 v0.6 Provides ifxetex conditional
titlesec.sty    2011/12/15 v2.10.0 Sectioning titles
titletoc.sty    2011/12/15 v1.6 TOC entries
hyperref.sty    2012/11/06 v6.83m Hypertext links for LaTeX
hobsub-hyperref.sty    2012/05/28 v1.13 Bundle oberdiek, subset hyperref (HO)
hobsub-generic.sty    2012/05/28 v1.13 Bundle oberdiek, subset generic (HO)
  hobsub.sty    2012/05/28 v1.13 Construct package bundles (HO)
  ifvtex.sty    2010/03/01 v1.5 Detect VTeX and its facilities (HO)
 intcalc.sty    2007/09/27 v1.1 Expandable calculations with integers (HO)
kvsetkeys.sty    2012/04/25 v1.16 Key value parser (HO)
kvdefinekeys.sty    2011/04/07 v1.3 Define keys (HO)
pdfescape.sty    2011/11/25 v1.13 Implements pdfTeX's escape features (HO)
bigintcalc.sty    2012/04/08 v1.3 Expandable calculations on big integers (HO)
  bitset.sty    2011/01/30 v1.1 Handle bit-vector datatype (HO)
uniquecounter.sty    2011/01/30 v1.2 Provide unlimited unique counter (HO)
letltxmacro.sty    2010/09/02 v1.4 Let assignment for LaTeX macros (HO)
 hopatch.sty    2012/05/28 v1.2 Wrapper for package hooks (HO)
xcolor-patch.sty    2011/01/30 xcolor patch
atveryend.sty    2011/06/30 v1.8 Hooks at the very end of document (HO)
atbegshi.sty    2011/10/05 v1.16 At begin shipout hook (HO)
refcount.sty    2011/10/16 v3.4 Data extraction from label references (HO)
 hycolor.sty    2011/01/30 v1.7 Color options for hyperref/bookmark (HO)
 auxhook.sty    2011/03/04 v1.3 Hooks for auxiliary files (HO)
kvoptions.sty    2011/06/30 v3.11 Key value format for package options (HO)
  pd1enc.def    2012/11/06 v6.83m Hyperref: PDFDocEncoding definition (HO)
hyperref.cfg    2002/06/06 v1.2 hyperref configuration of TeXLive
   puenc.def    2012/11/06 v6.83m Hyperref: PDF Unicode definition (HO)
     url.sty    2013/09/16  ver 3.4  Verb mode for urls, etc.
 hpdftex.def    2012/11/06 v6.83m Hyperref driver for pdfTeX
rerunfilecheck.sty    2011/04/15 v1.7 Rerun checks for auxiliary files (HO)
ragged2e.sty    2009/05/21 v2.1 ragged2e Package (MS)
everysel.sty    2011/10/28 v1.2 EverySelectfont Package (MS)
geometry.sty    2010/09/12 v5.6 Page Geometry
changepage.sty    2009/10/20 v1.0c check page and change page layout
paralist.sty    2013/06/09 v2.4 Extended list environments
textcase.sty    2004/10/07 v0.07 Text only upper/lower case changing (DPC)
letterspace.sty    2013/05/23 v2.5a Robust letterspacing (RS)
setspace.sty    2011/12/19 v6.7a set line spacing
  xcolor.sty    2007/01/21 v2.11 LaTeX color extensions (UK)
   color.cfg    2007/01/18 v1.5 color configuration of teTeX/TeXLive
  pdftex.def    2011/05/27 v0.06d Graphics/color for pdfTeX
dvipsnam.def    2014/04/23 v3.0j Driver-dependant file (DPC,SPQR)
  svgnam.def    2007/01/21 v2.11 Predefined colors according to SVG 1.1 (UK)
optparams.sty    2004/08/14 v0.9 multiple optional parameters in macros
placeins.sty    2005/04/18  v 2.2
mathpazo.sty    2005/04/12 PSNFSS-v9.2a Palatino w/ Pazo Math (D.Puga, WaS) 
  helvet.sty    2005/04/12 PSNFSS-v9.2a (WaS) 
beramono.sty    2004/01/31 (WaS)
 fontenc.sty
   t1enc.def    2005/09/27 v1.99g Standard LaTeX file
textcomp.sty    2005/09/27 v1.99g Standard LaTeX package
  ts1enc.def    2001/06/05 v3.0e (jk/car/fm) Standard LaTeX file
fancyhdr.sty    
multicol.sty    2014/04/23 v1.8e multicolumn formatting (FMi)
docheader.tex
graphicx.sty    2014/04/25 v1.0g Enhanced LaTeX Graphics (DPC,SPQR)
graphics.sty    2009/02/05 v1.0o Standard LaTeX Graphics (DPC,SPQR)
    trig.sty    1999/03/16 v1.09 sin cos tan (DPC)
graphics.cfg    2010/04/23 v1.9 graphics configuration of TeX Live
epstopdf.sty    2010/02/09 v2.5 Conversion with epstopdf on the fly (HO)
epstopdf-base.sty    2010/02/09 v2.5 Base part for package epstopdf
  grfext.sty    2010/08/19 v1.1 Manage graphics extensions (HO)
epstopdf-sys.cfg    2010/07/13 v1.3 Configuration of (r)epstopdf for TeX Live
  xspace.sty    2009/10/20 v1.13 Space after command names (DPC,MH)
longtable.sty    2004/02/01 v4.11 Multi-page Table package (DPC)
 slashed.sty    1997/01/16 v0.01 Feynman Slashed Character Notation (DPC)
amsfonts.sty    2013/01/14 v3.01 Basic AMSFonts support
 fontenc.sty
   t1enc.def    2005/09/27 v1.99g Standard LaTeX file
 amsmath.sty    2013/01/14 v2.14 AMS math features
 amstext.sty    2000/06/29 v2.01
  amsgen.sty    1999/11/30 v2.0
  amsbsy.sty    1999/11/29 v1.2d
  amsopn.sty    1999/12/14 v2.01 operator names
 amssymb.sty    2013/01/14 v3.01 AMS font symbols
feynmp-auto.sty    2013/05/03 v1.1 Automatic processing of feynmp graphics
  feynmp.sty    1996/12/02 v1.08 LaTeX/MetaPost Feynman Diagram Package (ohl)
  subfig.sty    2005/06/28 ver: 1.3 subfig package
caption3.sty    2013/05/02 v1.6-88 caption3 kernel (AR)
  xhfill.sty    2011/05/14\ v 1.01\ modify width and color of hrulefill
mathtools.sty    2014/05/21 v1.14 mathematical typesetting tools
 mhsetup.sty    2010/01/21 v1.2a programming setup (MH)
booktabs.sty    2005/04/14 v1.61803 publication quality tables
   units.sty    1998/08/04 v0.9b Typesetting units
nicefrac.sty    1998/08/04 v0.9b Nice fractions
fancyvrb.sty    2008/02/07
lastpage.sty    2013/01/28 v1.2l Refers to last page's name (HMM; JPG)
    todo.sty    2010/03/31 v2.4142 To-do list (Federico Garcia)
colortbl.sty    2012/02/13 v1.0a Color table columns (DPC)
   array.sty    2008/09/09 v2.4c Tabular extension package (FMi)
rotating.sty    2009/03/28 v2.16a rotated objects in LaTeX
 titling.sty    2009/09/04 v2.1d maketitle typesetting
notoccite.sty    2000/07/20
docheader2.tex
biblatex.sty    2013/11/25 v2.8a programmable bibliographies (PK/JW/AB)
biblatex1.sty    2013/11/25 v2.8a programmable bibliographies (bibtex) (PK/JW/A
B)
etoolbox.sty    2011/01/03 v2.1 e-TeX tools for LaTeX
  logreq.sty    2010/08/04 v1.0 xml request logger
  logreq.def    2010/08/04 v1.0 logreq spec v1.0
blx-compat.def    2013/11/25 v2.8a biblatex compatibility (PK/JW/AB)
biblatex.def    
standard.bbx    2013/11/25 v2.8a biblatex bibliography style (PK/JW/AB)
 numeric.bbx    2013/11/25 v2.8a biblatex bibliography style (PK/JW/AB)
 numeric.cbx    2013/11/25 v2.8a biblatex citation style (PK/JW/AB)
biblatex.cfg    
 english.lbx    2013/11/25 v2.8a biblatex localization (PK/JW/AB)
american.lbx    2013/11/25 v2.8a biblatex localization (PK/JW/AB)
USenglish.lbx    2013/11/25 v2.8a biblatex localization (PK/JW/AB)
  ts1cmr.fd    1999/05/25 v2.5h Standard LaTeX font definitions
  t1pplj.fd    2004/09/06 font definitions for T1/pplj.
 nameref.sty    2012/10/27 v2.43 Cross-referencing by name of section
gettitlestring.sty    2010/12/03 v1.4 Cleanup title references (HO)
     doc.out
     doc.out
supp-pdf.mkii
frontmatter.tex
   t1phv.fd    2001/06/04 scalable font definitions for T1/phv.
tex/Introduction.tex
tex/SimplifiedModel.tex
 ot1pplx.fd    2004/09/06 font definitions for OT1/pplx.
 omlzplm.fd    2002/09/08 Fontinst v1.914 font definitions for OML/zplm.
 omszplm.fd    2002/09/08 Fontinst v1.914 font definitions for OMS/zplm.
 omxzplm.fd    2002/09/08 Fontinst v1.914 font definitions for OMX/zplm.
 ot1zplm.fd    2002/09/08 Fontinst v1.914 font definitions for OT1/zplm.
 ts1pplj.fd    2004/09/06 font definitions for TS1/pplj.
tex/ExperimentCoverage.tex
tex/triggers.tex
tex/Recommendations.tex
tex/Showers.tex
tex/Conclusions.tex
tex/backgrounds.tex
tex/experimental_searches.tex
 ***********

Package atveryend Info: Executing hook `AtEndAfterFileList' on input line 93.
Package rerunfilecheck Info: File `doc.out' has not changed.
(rerunfilecheck)             Checksum: 74D001BCE217F736FFD45CC895E2A94C;7031.
Package logreq Info: Writing requests to 'doc.run.xml'.
\openout1 = `doc.run.xml'.

Package atveryend Info: Empty hook `AtVeryVeryEnd' on input line 93.
 ) 
Here is how much of TeX's memory you used:
 20319 strings out of 493117
 305206 string characters out of 6135433
 674211 words of memory out of 5000000
 23245 multiletter control sequences out of 15000+600000
 86608 words of font info for 136 fonts, out of 8000000 for 9000
 1141 hyphenation exceptions out of 8191
 55i,12n,92p,1054b,769s stack positions out of 5000i,500n,10000p,200000b,80000s
{/usr/local/texlive/2014/texmf-dist/fonts/enc/dvips/base/8r.enc}</usr/local/t
exlive/2014/texmf-dist/fonts/type1/public/amsfonts/cm/cmmi10.pfb></usr/local/te
xlive/2014/texmf-dist/fonts/type1/public/amsfonts/cm/cmr10.pfb></usr/local/texl
ive/2014/texmf-dist/fonts/type1/public/amsfonts/cm/cmsy10.pfb></usr/local/texli
ve/2014/texmf-dist/fonts/type1/public/mathpazo/fplmr.pfb></usr/local/texlive/20
14/texmf-dist/fonts/type1/public/mathpazo/fplmri.pfb></usr/local/texlive/2014/t
exmf-dist/fonts/type1/public/fpl/fplrc8a.pfb></usr/local/texlive/2014/texmf-dis
t/fonts/type1/public/fpl/fplrij8a.pfb></usr/local/texlive/2014/texmf-dist/fonts
/type1/public/amsfonts/symbols/msam10.pfb></usr/local/texlive/2014/texmf-dist/f
onts/type1/urw/helvetic/uhvr8a.pfb></usr/local/texlive/2014/texmf-dist/fonts/ty
pe1/urw/helvetic/uhvro8a.pfb></usr/local/texlive/2014/texmf-dist/fonts/type1/ur
w/palatino/uplb8a.pfb></usr/local/texlive/2014/texmf-dist/fonts/type1/urw/palat
ino/uplr8a.pfb></usr/local/texlive/2014/texmf-dist/fonts/type1/urw/palatino/upl
ri8a.pfb>
Output written on doc.pdf (28 pages, 166778 bytes).
PDF statistics:
 399 PDF objects out of 1000 (max. 8388607)
 324 compressed objects within 4 object streams
 84 named destinations out of 1000 (max. 500000)
 1249 words of extra memory for PDF output out of 10000 (max. 10000000)

